INFO:streamsky_logger:starting [Streamsky]...
INFO:streamsky_logger:starting [Streamsky]...
INFO:streamsky_logger:starting [Streamsky]...
INFO:streamsky_logger:starting [Streamsky]...
INFO:streamsky_logger:connecting to bsky...
INFO:httpx:HTTP Request: POST https://bsky.social/xrpc/com.atproto.server.createSession "HTTP/1.1 200 OK"
INFO:httpx:HTTP Request: GET https://magic.us-west.host.bsky.network/xrpc/app.bsky.actor.getProfile?actor=qtpy.dev "HTTP/1.1 200 OK"
INFO:streamsky_logger:starting [Streamsky]...
INFO:streamsky_logger:starting [Streamsky]...
INFO:streamsky_logger:starting [Streamsky]...
INFO:streamsky_logger:starting [Streamsky]...
INFO:streamsky_logger:starting [Streamsky]...
INFO:streamsky_logger:starting [Streamsky]...
INFO:streamsky_logger:starting [Streamsky]...
INFO:streamsky_logger:starting [Streamsky]...
INFO:streamsky_logger:starting [Streamsky]...
INFO:streamsky_logger:connecting to bsky...
INFO:httpx:HTTP Request: POST https://bsky.social/xrpc/com.atproto.server.createSession "HTTP/1.1 200 OK"
INFO:httpx:HTTP Request: GET https://magic.us-west.host.bsky.network/xrpc/app.bsky.actor.getProfile?actor=qtpy.dev "HTTP/1.1 200 OK"
INFO:streamsky_logger:starting [Streamsky]...
INFO:streamsky_logger:starting [Streamsky]...
INFO:streamsky_logger:starting [Streamsky]...
INFO:streamsky_logger:starting [Streamsky]...
INFO:streamsky_logger:starting [Streamsky]...
INFO:streamsky_logger:starting [Streamsky]...
INFO:streamsky_logger:starting [Streamsky]...
INFO:streamsky_logger:starting [Streamsky]...
INFO:streamsky_logger:starting [Streamsky]...
INFO:streamsky_logger:starting [Streamsky]...
INFO:streamsky_logger:starting [Streamsky]...
INFO:streamsky_logger:starting [Streamsky]...
INFO:streamsky_logger:starting [Streamsky]...
INFO:streamsky_logger:starting [Streamsky]...
INFO:streamsky_logger:starting [Streamsky]...
INFO:streamsky_logger:starting [Streamsky]...
INFO:streamsky_logger:starting [Streamsky]...
INFO:streamsky_logger:starting [Streamsky]...
INFO:streamsky_logger:starting [Streamsky]...
INFO:streamsky_logger:starting [Streamsky]...
INFO:streamsky_logger:starting [Streamsky]...
INFO:streamsky_logger:starting [Streamsky]...
INFO:httpx:HTTP Request: POST https://magic.us-west.host.bsky.network/xrpc/com.atproto.repo.createRecord "HTTP/1.1 200 OK"
INFO:httpx:HTTP Request: POST https://magic.us-west.host.bsky.network/xrpc/com.atproto.repo.createRecord "HTTP/1.1 200 OK"
INFO:streamsky_logger:starting [Streamsky]...
INFO:streamsky_logger:connecting to bsky...
INFO:httpx:HTTP Request: POST https://magic.us-west.host.bsky.network/xrpc/com.atproto.server.createSession "HTTP/1.1 200 OK"
INFO:httpx:HTTP Request: GET https://magic.us-west.host.bsky.network/xrpc/app.bsky.actor.getProfile?actor=qtpy.dev "HTTP/1.1 200 OK"
INFO:httpx:HTTP Request: POST https://magic.us-west.host.bsky.network/xrpc/com.atproto.repo.createRecord "HTTP/1.1 200 OK"
INFO:streamsky_logger:starting [Streamsky]...
INFO:streamsky_logger:connecting to bsky...
INFO:httpx:HTTP Request: POST https://magic.us-west.host.bsky.network/xrpc/com.atproto.server.createSession "HTTP/1.1 200 OK"
INFO:httpx:HTTP Request: GET https://magic.us-west.host.bsky.network/xrpc/app.bsky.actor.getProfile?actor=qtpy.dev "HTTP/1.1 200 OK"
INFO:httpx:HTTP Request: POST https://magic.us-west.host.bsky.network/xrpc/com.atproto.repo.createRecord "HTTP/1.1 200 OK"
INFO:streamsky_logger:connecting to bsky...
INFO:httpx:HTTP Request: POST https://magic.us-west.host.bsky.network/xrpc/com.atproto.server.createSession "HTTP/1.1 200 OK"
INFO:httpx:HTTP Request: GET https://magic.us-west.host.bsky.network/xrpc/app.bsky.actor.getProfile?actor=qtpy.dev "HTTP/1.1 200 OK"
INFO:httpx:HTTP Request: POST https://magic.us-west.host.bsky.network/xrpc/com.atproto.repo.createRecord "HTTP/1.1 200 OK"
INFO:streamsky_logger:starting [Streamsky]...
INFO:streamsky_logger:connecting to bsky...
INFO:httpx:HTTP Request: POST https://bsky.social/xrpc/com.atproto.server.createSession "HTTP/1.1 200 OK"
INFO:httpx:HTTP Request: GET https://magic.us-west.host.bsky.network/xrpc/app.bsky.actor.getProfile?actor=qtpy.dev "HTTP/1.1 200 OK"
INFO:streamsky_logger:connecting to bsky...
INFO:httpx:HTTP Request: POST https://magic.us-west.host.bsky.network/xrpc/com.atproto.server.createSession "HTTP/1.1 200 OK"
INFO:httpx:HTTP Request: GET https://magic.us-west.host.bsky.network/xrpc/app.bsky.actor.getProfile?actor=qtpy.dev "HTTP/1.1 200 OK"
INFO:streamsky_logger:starting [Streamsky]...
INFO:streamsky_logger:connecting to bsky...
INFO:httpx:HTTP Request: POST https://magic.us-west.host.bsky.network/xrpc/com.atproto.server.createSession "HTTP/1.1 200 OK"
INFO:httpx:HTTP Request: GET https://magic.us-west.host.bsky.network/xrpc/app.bsky.actor.getProfile?actor=qtpy.dev "HTTP/1.1 200 OK"
INFO:httpx:HTTP Request: POST https://magic.us-west.host.bsky.network/xrpc/com.atproto.repo.createRecord "HTTP/1.1 200 OK"
INFO:streamsky_logger:submits post at at://did:plc:sfsuqs4xrayq533e7sys22um/app.bsky.feed.post/3lhkimvjetf2y
INFO:streamsky_logger:connecting to bsky...
INFO:httpx:HTTP Request: POST https://magic.us-west.host.bsky.network/xrpc/com.atproto.server.createSession "HTTP/1.1 200 OK"
INFO:httpx:HTTP Request: GET https://magic.us-west.host.bsky.network/xrpc/app.bsky.actor.getProfile?actor=qtpy.dev "HTTP/1.1 200 OK"
INFO:httpx:HTTP Request: POST https://magic.us-west.host.bsky.network/xrpc/com.atproto.repo.createRecord "HTTP/1.1 200 OK"
INFO:streamsky_logger:submits post at at://did:plc:sfsuqs4xrayq533e7sys22um/app.bsky.feed.post/3lhkiniln2h2t
INFO:streamsky_logger:connecting to bsky...
INFO:httpx:HTTP Request: POST https://magic.us-west.host.bsky.network/xrpc/com.atproto.server.createSession "HTTP/1.1 200 OK"
INFO:httpx:HTTP Request: GET https://magic.us-west.host.bsky.network/xrpc/app.bsky.actor.getProfile?actor=qtpy.dev "HTTP/1.1 200 OK"
INFO:httpx:HTTP Request: POST https://magic.us-west.host.bsky.network/xrpc/com.atproto.repo.createRecord "HTTP/1.1 200 OK"
INFO:streamsky_logger:submits post at at://did:plc:sfsuqs4xrayq533e7sys22um/app.bsky.feed.post/3lhkio3modk24
INFO:streamsky_logger:starting [Streamsky]...
INFO:streamsky_logger:starting [Streamsky]...
INFO:streamsky_logger:starting [Streamsky]...
INFO:streamsky_logger:starting [Streamsky]...
INFO:streamsky_logger:starting [Streamsky]...
INFO:streamsky_logger:starting [Streamsky]...
INFO:streamsky_logger:stream started
INFO:streamsky_logger:connecting to bsky...
INFO:httpx:HTTP Request: POST https://bsky.social/xrpc/com.atproto.server.createSession "HTTP/1.1 200 OK"
INFO:httpx:HTTP Request: GET https://magic.us-west.host.bsky.network/xrpc/app.bsky.actor.getProfile?actor=qtpy.dev "HTTP/1.1 200 OK"
INFO:streamsky_logger:stream started
INFO:streamsky_logger:connecting to bsky...
INFO:httpx:HTTP Request: POST https://magic.us-west.host.bsky.network/xrpc/com.atproto.server.createSession "HTTP/1.1 200 OK"
INFO:httpx:HTTP Request: GET https://magic.us-west.host.bsky.network/xrpc/app.bsky.actor.getProfile?actor=qtpy.dev "HTTP/1.1 200 OK"
INFO:streamsky_logger:starting [Streamsky]...
INFO:streamsky_logger:stream started
INFO:streamsky_logger:connecting to bsky...
INFO:httpx:HTTP Request: POST https://bsky.social/xrpc/com.atproto.server.createSession "HTTP/1.1 200 OK"
INFO:httpx:HTTP Request: GET https://magic.us-west.host.bsky.network/xrpc/app.bsky.actor.getProfile?actor=qtpy.dev "HTTP/1.1 200 OK"
INFO:httpx:HTTP Request: POST https://magic.us-west.host.bsky.network/xrpc/com.atproto.repo.createRecord "HTTP/1.1 200 OK"
INFO:streamsky_logger:submits post at at://did:plc:sfsuqs4xrayq533e7sys22um/app.bsky.feed.post/3lhkjw6tqy62p
INFO:streamsky_logger:stream stopped
INFO:streamsky_logger:connecting to bsky...
INFO:httpx:HTTP Request: POST https://magic.us-west.host.bsky.network/xrpc/com.atproto.server.createSession "HTTP/1.1 200 OK"
INFO:httpx:HTTP Request: GET https://magic.us-west.host.bsky.network/xrpc/app.bsky.actor.getProfile?actor=qtpy.dev "HTTP/1.1 200 OK"
INFO:streamsky_logger:starting [Streamsky]...
INFO:streamsky_logger:starting [Streamsky]...
INFO:streamsky_logger:starting [Streamsky]...
